<?xml version="1.0" encoding="UTF-8"?>
<!-- Generated by org.testng.reporters.JUnitReportReporter -->
<testsuite hostname="Himanshu" failures="0" tests="1" name="Execution.Runner" time="8.742" errors="0" timestamp="2024-04-05T16:45:32 IST" skipped="0">
  <testcase classname="Execution.Runner" name="runScenario" time="8.742"/>
  <system-out/>
</testsuite> <!-- Execution.Runner -->
